<?xml version="1.0" encoding="UTF-8"?>
<testsuite xmlns:xsi="http://www.w3.org/2001/XMLSchema-instance" xsi:noNamespaceSchemaLocation="https://maven.apache.org/surefire/maven-surefire-plugin/xsd/surefire-test-report.xsd" name="com.edu.board.Controller.MyPageControllerTest" time="4.183" tests="1" errors="0" skipped="0" failures="1">
  <properties>
    <property name="sun.desktop" value="windows"/>
    <property name="awt.toolkit" value="sun.awt.windows.WToolkit"/>
    <property name="java.specification.version" value="11"/>
    <property name="sun.cpu.isalist" value="amd64"/>
    <property name="sun.jnu.encoding" value="MS949"/>
    <property name="java.class.path" value="C:\Users\zzjjx\USG\2팀_내정보\mypage\backend\target\test-classes;C:\Users\zzjjx\USG\2팀_내정보\mypage\backend\target\classes;C:\Users\zzjjx\.m2\repository\org\springframework\boot\spring-boot-starter-data-jpa\2.7.14\spring-boot-starter-data-jpa-2.7.14.jar;C:\Users\zzjjx\.m2\repository\org\springframework\boot\spring-boot-starter-aop\2.7.14\spring-boot-starter-aop-2.7.14.jar;C:\Users\zzjjx\.m2\repository\org\springframework\spring-aop\5.3.29\spring-aop-5.3.29.jar;C:\Users\zzjjx\.m2\repository\org\aspectj\aspectjweaver\1.9.7\aspectjweaver-1.9.7.jar;C:\Users\zzjjx\.m2\repository\org\springframework\boot\spring-boot-starter-jdbc\2.7.14\spring-boot-starter-jdbc-2.7.14.jar;C:\Users\zzjjx\.m2\repository\com\zaxxer\HikariCP\4.0.3\HikariCP-4.0.3.jar;C:\Users\zzjjx\.m2\repository\org\springframework\spring-jdbc\5.3.29\spring-jdbc-5.3.29.jar;C:\Users\zzjjx\.m2\repository\jakarta\transaction\jakarta.transaction-api\1.3.3\jakarta.transaction-api-1.3.3.jar;C:\Users\zzjjx\.m2\repository\jakarta\persistence\jakarta.persistence-api\2.2.3\jakarta.persistence-api-2.2.3.jar;C:\Users\zzjjx\.m2\repository\org\hibernate\hibernate-core\5.6.15.Final\hibernate-core-5.6.15.Final.jar;C:\Users\zzjjx\.m2\repository\org\jboss\logging\jboss-logging\3.4.3.Final\jboss-logging-3.4.3.Final.jar;C:\Users\zzjjx\.m2\repository\net\bytebuddy\byte-buddy\1.12.23\byte-buddy-1.12.23.jar;C:\Users\zzjjx\.m2\repository\antlr\antlr\2.7.7\antlr-2.7.7.jar;C:\Users\zzjjx\.m2\repository\org\jboss\jandex\2.4.2.Final\jandex-2.4.2.Final.jar;C:\Users\zzjjx\.m2\repository\com\fasterxml\classmate\1.5.1\classmate-1.5.1.jar;C:\Users\zzjjx\.m2\repository\org\hibernate\common\hibernate-commons-annotations\5.1.2.Final\hibernate-commons-annotations-5.1.2.Final.jar;C:\Users\zzjjx\.m2\repository\org\glassfish\jaxb\jaxb-runtime\2.3.8\jaxb-runtime-2.3.8.jar;C:\Users\zzjjx\.m2\repository\org\glassfish\jaxb\txw2\2.3.8\txw2-2.3.8.jar;C:\Users\zzjjx\.m2\repository\com\sun\istack\istack-commons-runtime\3.0.12\istack-commons-runtime-3.0.12.jar;C:\Users\zzjjx\.m2\repository\com\sun\activation\jakarta.activation\1.2.2\jakarta.activation-1.2.2.jar;C:\Users\zzjjx\.m2\repository\org\springframework\data\spring-data-jpa\2.7.14\spring-data-jpa-2.7.14.jar;C:\Users\zzjjx\.m2\repository\org\springframework\data\spring-data-commons\2.7.14\spring-data-commons-2.7.14.jar;C:\Users\zzjjx\.m2\repository\org\springframework\spring-orm\5.3.29\spring-orm-5.3.29.jar;C:\Users\zzjjx\.m2\repository\org\springframework\spring-context\5.3.29\spring-context-5.3.29.jar;C:\Users\zzjjx\.m2\repository\org\springframework\spring-tx\5.3.29\spring-tx-5.3.29.jar;C:\Users\zzjjx\.m2\repository\org\springframework\spring-beans\5.3.29\spring-beans-5.3.29.jar;C:\Users\zzjjx\.m2\repository\org\slf4j\slf4j-api\1.7.36\slf4j-api-1.7.36.jar;C:\Users\zzjjx\.m2\repository\org\springframework\spring-aspects\5.3.29\spring-aspects-5.3.29.jar;C:\Users\zzjjx\.m2\repository\org\springframework\boot\spring-boot-starter-web\2.7.14\spring-boot-starter-web-2.7.14.jar;C:\Users\zzjjx\.m2\repository\org\springframework\boot\spring-boot-starter\2.7.14\spring-boot-starter-2.7.14.jar;C:\Users\zzjjx\.m2\repository\org\springframework\boot\spring-boot\2.7.14\spring-boot-2.7.14.jar;C:\Users\zzjjx\.m2\repository\org\springframework\boot\spring-boot-autoconfigure\2.7.14\spring-boot-autoconfigure-2.7.14.jar;C:\Users\zzjjx\.m2\repository\org\springframework\boot\spring-boot-starter-logging\2.7.14\spring-boot-starter-logging-2.7.14.jar;C:\Users\zzjjx\.m2\repository\ch\qos\logback\logback-classic\1.2.12\logback-classic-1.2.12.jar;C:\Users\zzjjx\.m2\repository\ch\qos\logback\logback-core\1.2.12\logback-core-1.2.12.jar;C:\Users\zzjjx\.m2\repository\org\apache\logging\log4j\log4j-to-slf4j\2.17.2\log4j-to-slf4j-2.17.2.jar;C:\Users\zzjjx\.m2\repository\org\apache\logging\log4j\log4j-api\2.17.2\log4j-api-2.17.2.jar;C:\Users\zzjjx\.m2\repository\org\slf4j\jul-to-slf4j\1.7.36\jul-to-slf4j-1.7.36.jar;C:\Users\zzjjx\.m2\repository\jakarta\annotation\jakarta.annotation-api\1.3.5\jakarta.annotation-api-1.3.5.jar;C:\Users\zzjjx\.m2\repository\org\yaml\snakeyaml\1.30\snakeyaml-1.30.jar;C:\Users\zzjjx\.m2\repository\org\springframework\boot\spring-boot-starter-json\2.7.14\spring-boot-starter-json-2.7.14.jar;C:\Users\zzjjx\.m2\repository\com\fasterxml\jackson\core\jackson-databind\2.13.5\jackson-databind-2.13.5.jar;C:\Users\zzjjx\.m2\repository\com\fasterxml\jackson\core\jackson-annotations\2.13.5\jackson-annotations-2.13.5.jar;C:\Users\zzjjx\.m2\repository\com\fasterxml\jackson\datatype\jackson-datatype-jdk8\2.13.5\jackson-datatype-jdk8-2.13.5.jar;C:\Users\zzjjx\.m2\repository\com\fasterxml\jackson\datatype\jackson-datatype-jsr310\2.13.5\jackson-datatype-jsr310-2.13.5.jar;C:\Users\zzjjx\.m2\repository\com\fasterxml\jackson\module\jackson-module-parameter-names\2.13.5\jackson-module-parameter-names-2.13.5.jar;C:\Users\zzjjx\.m2\repository\org\springframework\boot\spring-boot-starter-tomcat\2.7.14\spring-boot-starter-tomcat-2.7.14.jar;C:\Users\zzjjx\.m2\repository\org\apache\tomcat\embed\tomcat-embed-core\9.0.78\tomcat-embed-core-9.0.78.jar;C:\Users\zzjjx\.m2\repository\org\apache\tomcat\embed\tomcat-embed-el\9.0.78\tomcat-embed-el-9.0.78.jar;C:\Users\zzjjx\.m2\repository\org\apache\tomcat\embed\tomcat-embed-websocket\9.0.78\tomcat-embed-websocket-9.0.78.jar;C:\Users\zzjjx\.m2\repository\org\springframework\spring-web\5.3.29\spring-web-5.3.29.jar;C:\Users\zzjjx\.m2\repository\org\springframework\spring-webmvc\5.3.29\spring-webmvc-5.3.29.jar;C:\Users\zzjjx\.m2\repository\org\springframework\spring-expression\5.3.29\spring-expression-5.3.29.jar;C:\Users\zzjjx\.m2\repository\org\springdoc\springdoc-openapi-ui\1.5.13\springdoc-openapi-ui-1.5.13.jar;C:\Users\zzjjx\.m2\repository\org\springdoc\springdoc-openapi-webmvc-core\1.5.13\springdoc-openapi-webmvc-core-1.5.13.jar;C:\Users\zzjjx\.m2\repository\org\springdoc\springdoc-openapi-common\1.5.13\springdoc-openapi-common-1.5.13.jar;C:\Users\zzjjx\.m2\repository\io\swagger\core\v3\swagger-models\2.1.11\swagger-models-2.1.11.jar;C:\Users\zzjjx\.m2\repository\io\swagger\core\v3\swagger-annotations\2.1.11\swagger-annotations-2.1.11.jar;C:\Users\zzjjx\.m2\repository\io\swagger\core\v3\swagger-integration\2.1.11\swagger-integration-2.1.11.jar;C:\Users\zzjjx\.m2\repository\io\swagger\core\v3\swagger-core\2.1.11\swagger-core-2.1.11.jar;C:\Users\zzjjx\.m2\repository\com\fasterxml\jackson\dataformat\jackson-dataformat-yaml\2.13.5\jackson-dataformat-yaml-2.13.5.jar;C:\Users\zzjjx\.m2\repository\jakarta\validation\jakarta.validation-api\2.0.2\jakarta.validation-api-2.0.2.jar;C:\Users\zzjjx\.m2\repository\io\github\classgraph\classgraph\4.8.116\classgraph-4.8.116.jar;C:\Users\zzjjx\.m2\repository\org\apache\commons\commons-lang3\3.12.0\commons-lang3-3.12.0.jar;C:\Users\zzjjx\.m2\repository\org\webjars\swagger-ui\4.1.2\swagger-ui-4.1.2.jar;C:\Users\zzjjx\.m2\repository\org\webjars\webjars-locator-core\0.50\webjars-locator-core-0.50.jar;C:\Users\zzjjx\.m2\repository\com\fasterxml\jackson\core\jackson-core\2.13.5\jackson-core-2.13.5.jar;C:\Users\zzjjx\.m2\repository\com\h2database\h2\1.4.200\h2-1.4.200.jar;C:\Users\zzjjx\.m2\repository\org\projectlombok\lombok\1.18.28\lombok-1.18.28.jar;C:\Users\zzjjx\.m2\repository\org\springframework\boot\spring-boot-starter-test\2.7.14\spring-boot-starter-test-2.7.14.jar;C:\Users\zzjjx\.m2\repository\org\springframework\boot\spring-boot-test\2.7.14\spring-boot-test-2.7.14.jar;C:\Users\zzjjx\.m2\repository\org\springframework\boot\spring-boot-test-autoconfigure\2.7.14\spring-boot-test-autoconfigure-2.7.14.jar;C:\Users\zzjjx\.m2\repository\com\jayway\jsonpath\json-path\2.7.0\json-path-2.7.0.jar;C:\Users\zzjjx\.m2\repository\net\minidev\json-smart\2.4.11\json-smart-2.4.11.jar;C:\Users\zzjjx\.m2\repository\net\minidev\accessors-smart\2.4.11\accessors-smart-2.4.11.jar;C:\Users\zzjjx\.m2\repository\org\ow2\asm\asm\9.3\asm-9.3.jar;C:\Users\zzjjx\.m2\repository\jakarta\xml\bind\jakarta.xml.bind-api\2.3.3\jakarta.xml.bind-api-2.3.3.jar;C:\Users\zzjjx\.m2\repository\jakarta\activation\jakarta.activation-api\1.2.2\jakarta.activation-api-1.2.2.jar;C:\Users\zzjjx\.m2\repository\org\assertj\assertj-core\3.22.0\assertj-core-3.22.0.jar;C:\Users\zzjjx\.m2\repository\org\hamcrest\hamcrest\2.2\hamcrest-2.2.jar;C:\Users\zzjjx\.m2\repository\org\junit\jupiter\junit-jupiter\5.8.2\junit-jupiter-5.8.2.jar;C:\Users\zzjjx\.m2\repository\org\junit\jupiter\junit-jupiter-api\5.8.2\junit-jupiter-api-5.8.2.jar;C:\Users\zzjjx\.m2\repository\org\opentest4j\opentest4j\1.2.0\opentest4j-1.2.0.jar;C:\Users\zzjjx\.m2\repository\org\junit\platform\junit-platform-commons\1.8.2\junit-platform-commons-1.8.2.jar;C:\Users\zzjjx\.m2\repository\org\apiguardian\apiguardian-api\1.1.2\apiguardian-api-1.1.2.jar;C:\Users\zzjjx\.m2\repository\org\junit\jupiter\junit-jupiter-params\5.8.2\junit-jupiter-params-5.8.2.jar;C:\Users\zzjjx\.m2\repository\org\junit\jupiter\junit-jupiter-engine\5.8.2\junit-jupiter-engine-5.8.2.jar;C:\Users\zzjjx\.m2\repository\org\junit\platform\junit-platform-engine\1.8.2\junit-platform-engine-1.8.2.jar;C:\Users\zzjjx\.m2\repository\org\mockito\mockito-core\4.5.1\mockito-core-4.5.1.jar;C:\Users\zzjjx\.m2\repository\net\bytebuddy\byte-buddy-agent\1.12.23\byte-buddy-agent-1.12.23.jar;C:\Users\zzjjx\.m2\repository\org\objenesis\objenesis\3.2\objenesis-3.2.jar;C:\Users\zzjjx\.m2\repository\org\mockito\mockito-junit-jupiter\4.5.1\mockito-junit-jupiter-4.5.1.jar;C:\Users\zzjjx\.m2\repository\org\skyscreamer\jsonassert\1.5.1\jsonassert-1.5.1.jar;C:\Users\zzjjx\.m2\repository\com\vaadin\external\google\android-json\0.0.20131108.vaadin1\android-json-0.0.20131108.vaadin1.jar;C:\Users\zzjjx\.m2\repository\org\springframework\spring-core\5.3.29\spring-core-5.3.29.jar;C:\Users\zzjjx\.m2\repository\org\springframework\spring-jcl\5.3.29\spring-jcl-5.3.29.jar;C:\Users\zzjjx\.m2\repository\org\springframework\spring-test\5.3.29\spring-test-5.3.29.jar;C:\Users\zzjjx\.m2\repository\org\xmlunit\xmlunit-core\2.9.1\xmlunit-core-2.9.1.jar;"/>
    <property name="java.vm.vendor" value="Eclipse Adoptium"/>
    <property name="sun.arch.data.model" value="64"/>
    <property name="user.variant" value=""/>
    <property name="java.vendor.url" value="https://adoptium.net/"/>
    <property name="user.timezone" value="Asia/Seoul"/>
    <property name="java.vm.specification.version" value="11"/>
    <property name="os.name" value="Windows 11"/>
    <property name="sun.java.launcher" value="SUN_STANDARD"/>
    <property name="user.country" value="KR"/>
    <property name="sun.boot.library.path" value="C:\Users\zzjjx\jdk-11.0.21+9\bin"/>
    <property name="sun.java.command" value="C:\Users\zzjjx\AppData\Local\Temp\surefire7568522089192687655\surefirebooter15366889616265340221.jar C:\Users\zzjjx\AppData\Local\Temp\surefire7568522089192687655 2024-01-23T21-07-21_258-jvmRun1 surefire10831250049392946087tmp surefire_04318609666251948405tmp"/>
    <property name="jdk.debug" value="release"/>
    <property name="surefire.test.class.path" value="C:\Users\zzjjx\USG\2팀_내정보\mypage\backend\target\test-classes;C:\Users\zzjjx\USG\2팀_내정보\mypage\backend\target\classes;C:\Users\zzjjx\.m2\repository\org\springframework\boot\spring-boot-starter-data-jpa\2.7.14\spring-boot-starter-data-jpa-2.7.14.jar;C:\Users\zzjjx\.m2\repository\org\springframework\boot\spring-boot-starter-aop\2.7.14\spring-boot-starter-aop-2.7.14.jar;C:\Users\zzjjx\.m2\repository\org\springframework\spring-aop\5.3.29\spring-aop-5.3.29.jar;C:\Users\zzjjx\.m2\repository\org\aspectj\aspectjweaver\1.9.7\aspectjweaver-1.9.7.jar;C:\Users\zzjjx\.m2\repository\org\springframework\boot\spring-boot-starter-jdbc\2.7.14\spring-boot-starter-jdbc-2.7.14.jar;C:\Users\zzjjx\.m2\repository\com\zaxxer\HikariCP\4.0.3\HikariCP-4.0.3.jar;C:\Users\zzjjx\.m2\repository\org\springframework\spring-jdbc\5.3.29\spring-jdbc-5.3.29.jar;C:\Users\zzjjx\.m2\repository\jakarta\transaction\jakarta.transaction-api\1.3.3\jakarta.transaction-api-1.3.3.jar;C:\Users\zzjjx\.m2\repository\jakarta\persistence\jakarta.persistence-api\2.2.3\jakarta.persistence-api-2.2.3.jar;C:\Users\zzjjx\.m2\repository\org\hibernate\hibernate-core\5.6.15.Final\hibernate-core-5.6.15.Final.jar;C:\Users\zzjjx\.m2\repository\org\jboss\logging\jboss-logging\3.4.3.Final\jboss-logging-3.4.3.Final.jar;C:\Users\zzjjx\.m2\repository\net\bytebuddy\byte-buddy\1.12.23\byte-buddy-1.12.23.jar;C:\Users\zzjjx\.m2\repository\antlr\antlr\2.7.7\antlr-2.7.7.jar;C:\Users\zzjjx\.m2\repository\org\jboss\jandex\2.4.2.Final\jandex-2.4.2.Final.jar;C:\Users\zzjjx\.m2\repository\com\fasterxml\classmate\1.5.1\classmate-1.5.1.jar;C:\Users\zzjjx\.m2\repository\org\hibernate\common\hibernate-commons-annotations\5.1.2.Final\hibernate-commons-annotations-5.1.2.Final.jar;C:\Users\zzjjx\.m2\repository\org\glassfish\jaxb\jaxb-runtime\2.3.8\jaxb-runtime-2.3.8.jar;C:\Users\zzjjx\.m2\repository\org\glassfish\jaxb\txw2\2.3.8\txw2-2.3.8.jar;C:\Users\zzjjx\.m2\repository\com\sun\istack\istack-commons-runtime\3.0.12\istack-commons-runtime-3.0.12.jar;C:\Users\zzjjx\.m2\repository\com\sun\activation\jakarta.activation\1.2.2\jakarta.activation-1.2.2.jar;C:\Users\zzjjx\.m2\repository\org\springframework\data\spring-data-jpa\2.7.14\spring-data-jpa-2.7.14.jar;C:\Users\zzjjx\.m2\repository\org\springframework\data\spring-data-commons\2.7.14\spring-data-commons-2.7.14.jar;C:\Users\zzjjx\.m2\repository\org\springframework\spring-orm\5.3.29\spring-orm-5.3.29.jar;C:\Users\zzjjx\.m2\repository\org\springframework\spring-context\5.3.29\spring-context-5.3.29.jar;C:\Users\zzjjx\.m2\repository\org\springframework\spring-tx\5.3.29\spring-tx-5.3.29.jar;C:\Users\zzjjx\.m2\repository\org\springframework\spring-beans\5.3.29\spring-beans-5.3.29.jar;C:\Users\zzjjx\.m2\repository\org\slf4j\slf4j-api\1.7.36\slf4j-api-1.7.36.jar;C:\Users\zzjjx\.m2\repository\org\springframework\spring-aspects\5.3.29\spring-aspects-5.3.29.jar;C:\Users\zzjjx\.m2\repository\org\springframework\boot\spring-boot-starter-web\2.7.14\spring-boot-starter-web-2.7.14.jar;C:\Users\zzjjx\.m2\repository\org\springframework\boot\spring-boot-starter\2.7.14\spring-boot-starter-2.7.14.jar;C:\Users\zzjjx\.m2\repository\org\springframework\boot\spring-boot\2.7.14\spring-boot-2.7.14.jar;C:\Users\zzjjx\.m2\repository\org\springframework\boot\spring-boot-autoconfigure\2.7.14\spring-boot-autoconfigure-2.7.14.jar;C:\Users\zzjjx\.m2\repository\org\springframework\boot\spring-boot-starter-logging\2.7.14\spring-boot-starter-logging-2.7.14.jar;C:\Users\zzjjx\.m2\repository\ch\qos\logback\logback-classic\1.2.12\logback-classic-1.2.12.jar;C:\Users\zzjjx\.m2\repository\ch\qos\logback\logback-core\1.2.12\logback-core-1.2.12.jar;C:\Users\zzjjx\.m2\repository\org\apache\logging\log4j\log4j-to-slf4j\2.17.2\log4j-to-slf4j-2.17.2.jar;C:\Users\zzjjx\.m2\repository\org\apache\logging\log4j\log4j-api\2.17.2\log4j-api-2.17.2.jar;C:\Users\zzjjx\.m2\repository\org\slf4j\jul-to-slf4j\1.7.36\jul-to-slf4j-1.7.36.jar;C:\Users\zzjjx\.m2\repository\jakarta\annotation\jakarta.annotation-api\1.3.5\jakarta.annotation-api-1.3.5.jar;C:\Users\zzjjx\.m2\repository\org\yaml\snakeyaml\1.30\snakeyaml-1.30.jar;C:\Users\zzjjx\.m2\repository\org\springframework\boot\spring-boot-starter-json\2.7.14\spring-boot-starter-json-2.7.14.jar;C:\Users\zzjjx\.m2\repository\com\fasterxml\jackson\core\jackson-databind\2.13.5\jackson-databind-2.13.5.jar;C:\Users\zzjjx\.m2\repository\com\fasterxml\jackson\core\jackson-annotations\2.13.5\jackson-annotations-2.13.5.jar;C:\Users\zzjjx\.m2\repository\com\fasterxml\jackson\datatype\jackson-datatype-jdk8\2.13.5\jackson-datatype-jdk8-2.13.5.jar;C:\Users\zzjjx\.m2\repository\com\fasterxml\jackson\datatype\jackson-datatype-jsr310\2.13.5\jackson-datatype-jsr310-2.13.5.jar;C:\Users\zzjjx\.m2\repository\com\fasterxml\jackson\module\jackson-module-parameter-names\2.13.5\jackson-module-parameter-names-2.13.5.jar;C:\Users\zzjjx\.m2\repository\org\springframework\boot\spring-boot-starter-tomcat\2.7.14\spring-boot-starter-tomcat-2.7.14.jar;C:\Users\zzjjx\.m2\repository\org\apache\tomcat\embed\tomcat-embed-core\9.0.78\tomcat-embed-core-9.0.78.jar;C:\Users\zzjjx\.m2\repository\org\apache\tomcat\embed\tomcat-embed-el\9.0.78\tomcat-embed-el-9.0.78.jar;C:\Users\zzjjx\.m2\repository\org\apache\tomcat\embed\tomcat-embed-websocket\9.0.78\tomcat-embed-websocket-9.0.78.jar;C:\Users\zzjjx\.m2\repository\org\springframework\spring-web\5.3.29\spring-web-5.3.29.jar;C:\Users\zzjjx\.m2\repository\org\springframework\spring-webmvc\5.3.29\spring-webmvc-5.3.29.jar;C:\Users\zzjjx\.m2\repository\org\springframework\spring-expression\5.3.29\spring-expression-5.3.29.jar;C:\Users\zzjjx\.m2\repository\org\springdoc\springdoc-openapi-ui\1.5.13\springdoc-openapi-ui-1.5.13.jar;C:\Users\zzjjx\.m2\repository\org\springdoc\springdoc-openapi-webmvc-core\1.5.13\springdoc-openapi-webmvc-core-1.5.13.jar;C:\Users\zzjjx\.m2\repository\org\springdoc\springdoc-openapi-common\1.5.13\springdoc-openapi-common-1.5.13.jar;C:\Users\zzjjx\.m2\repository\io\swagger\core\v3\swagger-models\2.1.11\swagger-models-2.1.11.jar;C:\Users\zzjjx\.m2\repository\io\swagger\core\v3\swagger-annotations\2.1.11\swagger-annotations-2.1.11.jar;C:\Users\zzjjx\.m2\repository\io\swagger\core\v3\swagger-integration\2.1.11\swagger-integration-2.1.11.jar;C:\Users\zzjjx\.m2\repository\io\swagger\core\v3\swagger-core\2.1.11\swagger-core-2.1.11.jar;C:\Users\zzjjx\.m2\repository\com\fasterxml\jackson\dataformat\jackson-dataformat-yaml\2.13.5\jackson-dataformat-yaml-2.13.5.jar;C:\Users\zzjjx\.m2\repository\jakarta\validation\jakarta.validation-api\2.0.2\jakarta.validation-api-2.0.2.jar;C:\Users\zzjjx\.m2\repository\io\github\classgraph\classgraph\4.8.116\classgraph-4.8.116.jar;C:\Users\zzjjx\.m2\repository\org\apache\commons\commons-lang3\3.12.0\commons-lang3-3.12.0.jar;C:\Users\zzjjx\.m2\repository\org\webjars\swagger-ui\4.1.2\swagger-ui-4.1.2.jar;C:\Users\zzjjx\.m2\repository\org\webjars\webjars-locator-core\0.50\webjars-locator-core-0.50.jar;C:\Users\zzjjx\.m2\repository\com\fasterxml\jackson\core\jackson-core\2.13.5\jackson-core-2.13.5.jar;C:\Users\zzjjx\.m2\repository\com\h2database\h2\1.4.200\h2-1.4.200.jar;C:\Users\zzjjx\.m2\repository\org\projectlombok\lombok\1.18.28\lombok-1.18.28.jar;C:\Users\zzjjx\.m2\repository\org\springframework\boot\spring-boot-starter-test\2.7.14\spring-boot-starter-test-2.7.14.jar;C:\Users\zzjjx\.m2\repository\org\springframework\boot\spring-boot-test\2.7.14\spring-boot-test-2.7.14.jar;C:\Users\zzjjx\.m2\repository\org\springframework\boot\spring-boot-test-autoconfigure\2.7.14\spring-boot-test-autoconfigure-2.7.14.jar;C:\Users\zzjjx\.m2\repository\com\jayway\jsonpath\json-path\2.7.0\json-path-2.7.0.jar;C:\Users\zzjjx\.m2\repository\net\minidev\json-smart\2.4.11\json-smart-2.4.11.jar;C:\Users\zzjjx\.m2\repository\net\minidev\accessors-smart\2.4.11\accessors-smart-2.4.11.jar;C:\Users\zzjjx\.m2\repository\org\ow2\asm\asm\9.3\asm-9.3.jar;C:\Users\zzjjx\.m2\repository\jakarta\xml\bind\jakarta.xml.bind-api\2.3.3\jakarta.xml.bind-api-2.3.3.jar;C:\Users\zzjjx\.m2\repository\jakarta\activation\jakarta.activation-api\1.2.2\jakarta.activation-api-1.2.2.jar;C:\Users\zzjjx\.m2\repository\org\assertj\assertj-core\3.22.0\assertj-core-3.22.0.jar;C:\Users\zzjjx\.m2\repository\org\hamcrest\hamcrest\2.2\hamcrest-2.2.jar;C:\Users\zzjjx\.m2\repository\org\junit\jupiter\junit-jupiter\5.8.2\junit-jupiter-5.8.2.jar;C:\Users\zzjjx\.m2\repository\org\junit\jupiter\junit-jupiter-api\5.8.2\junit-jupiter-api-5.8.2.jar;C:\Users\zzjjx\.m2\repository\org\opentest4j\opentest4j\1.2.0\opentest4j-1.2.0.jar;C:\Users\zzjjx\.m2\repository\org\junit\platform\junit-platform-commons\1.8.2\junit-platform-commons-1.8.2.jar;C:\Users\zzjjx\.m2\repository\org\apiguardian\apiguardian-api\1.1.2\apiguardian-api-1.1.2.jar;C:\Users\zzjjx\.m2\repository\org\junit\jupiter\junit-jupiter-params\5.8.2\junit-jupiter-params-5.8.2.jar;C:\Users\zzjjx\.m2\repository\org\junit\jupiter\junit-jupiter-engine\5.8.2\junit-jupiter-engine-5.8.2.jar;C:\Users\zzjjx\.m2\repository\org\junit\platform\junit-platform-engine\1.8.2\junit-platform-engine-1.8.2.jar;C:\Users\zzjjx\.m2\repository\org\mockito\mockito-core\4.5.1\mockito-core-4.5.1.jar;C:\Users\zzjjx\.m2\repository\net\bytebuddy\byte-buddy-agent\1.12.23\byte-buddy-agent-1.12.23.jar;C:\Users\zzjjx\.m2\repository\org\objenesis\objenesis\3.2\objenesis-3.2.jar;C:\Users\zzjjx\.m2\repository\org\mockito\mockito-junit-jupiter\4.5.1\mockito-junit-jupiter-4.5.1.jar;C:\Users\zzjjx\.m2\repository\org\skyscreamer\jsonassert\1.5.1\jsonassert-1.5.1.jar;C:\Users\zzjjx\.m2\repository\com\vaadin\external\google\android-json\0.0.20131108.vaadin1\android-json-0.0.20131108.vaadin1.jar;C:\Users\zzjjx\.m2\repository\org\springframework\spring-core\5.3.29\spring-core-5.3.29.jar;C:\Users\zzjjx\.m2\repository\org\springframework\spring-jcl\5.3.29\spring-jcl-5.3.29.jar;C:\Users\zzjjx\.m2\repository\org\springframework\spring-test\5.3.29\spring-test-5.3.29.jar;C:\Users\zzjjx\.m2\repository\org\xmlunit\xmlunit-core\2.9.1\xmlunit-core-2.9.1.jar;"/>
    <property name="sun.cpu.endian" value="little"/>
    <property name="user.home" value="C:\Users\zzjjx"/>
    <property name="user.language" value="ko"/>
    <property name="java.specification.vendor" value="Oracle Corporation"/>
    <property name="java.version.date" value="2023-10-17"/>
    <property name="java.home" value="C:\Users\zzjjx\jdk-11.0.21+9"/>
    <property name="file.separator" value="\"/>
    <property name="basedir" value="C:\Users\zzjjx\USG\2팀_내정보\mypage\backend"/>
    <property name="java.vm.compressedOopsMode" value="32-bit"/>
    <property name="line.separator" value="&#10;"/>
    <property name="java.specification.name" value="Java Platform API Specification"/>
    <property name="java.vm.specification.vendor" value="Oracle Corporation"/>
    <property name="java.awt.graphicsenv" value="sun.awt.Win32GraphicsEnvironment"/>
    <property name="surefire.real.class.path" value="C:\Users\zzjjx\AppData\Local\Temp\surefire7568522089192687655\surefirebooter15366889616265340221.jar"/>
    <property name="user.script" value=""/>
    <property name="sun.management.compiler" value="HotSpot 64-Bit Tiered Compilers"/>
    <property name="java.runtime.version" value="11.0.21+9"/>
    <property name="user.name" value="a"/>
    <property name="path.separator" value=";"/>
    <property name="os.version" value="10.0"/>
    <property name="java.runtime.name" value="OpenJDK Runtime Environment"/>
    <property name="file.encoding" value="MS949"/>
    <property name="java.vm.name" value="OpenJDK 64-Bit Server VM"/>
    <property name="java.vendor.version" value="Temurin-11.0.21+9"/>
    <property name="localRepository" value="C:\Users\zzjjx\.m2\repository"/>
    <property name="java.vendor.url.bug" value="https://github.com/adoptium/adoptium-support/issues"/>
    <property name="java.io.tmpdir" value="C:\Users\zzjjx\AppData\Local\Temp\"/>
    <property name="java.version" value="11.0.21"/>
    <property name="user.dir" value="C:\Users\zzjjx\USG\2팀_내정보\mypage\backend"/>
    <property name="os.arch" value="amd64"/>
    <property name="java.vm.specification.name" value="Java Virtual Machine Specification"/>
    <property name="java.awt.printerjob" value="sun.awt.windows.WPrinterJob"/>
    <property name="sun.os.patch.level" value=""/>
    <property name="java.library.path" value="C:\Users\zzjjx\jdk-11.0.21+9\bin;C:\WINDOWS\Sun\Java\bin;C:\WINDOWS\system32;C:\WINDOWS;C:\WINDOWS\system32;C:\WINDOWS;C:\WINDOWS\System32\Wbem;C:\WINDOWS\System32\WindowsPowerShell\v1.0\;C:\WINDOWS\System32\OpenSSH\;C:\Users\zzjjx\jdk-11.0.21+9\bin;C:\Program Files\Git\cmd;C:\Users\zzjjx\AppData\Local\Programs\Python\Python312\Scripts;C:\Program Files\nodejs\;C:\Program Files\Docker\Docker\resources\bin;C:\Users\zzjjx\apache-maven-3.9.5\bin;C:\Program Files\MySQL\MySQL Shell 8.0\bin\;C:\Users\zzjjx\AppData\Local\Programs\Python\Python312\Scripts\;C:\Users\zzjjx\AppData\Local\Programs\Python\Python312\;C:\Users\zzjjx\AppData\Local\Microsoft\WindowsApps;C:\Users\zzjjx\AppData\Local\Programs\Microsoft VS Code\bin;C:\Users\zzjjx\AppData\Local\Programs\MiKTeX\miktex\bin\x64\;C:\Users\zzjjx\AppData\Roaming\npm;."/>
    <property name="java.vm.info" value="mixed mode"/>
    <property name="java.vendor" value="Eclipse Adoptium"/>
    <property name="java.vm.version" value="11.0.21+9"/>
    <property name="java.specification.maintenance.version" value="2"/>
    <property name="sun.io.unicode.encoding" value="UnicodeLittle"/>
    <property name="java.class.version" value="55.0"/>
  </properties>
  <testcase name="myPageTest" classname="com.edu.board.Controller.MyPageControllerTest" time="0.88">
    <failure message="No value at JSON path &quot;$.username&quot;" type="java.lang.AssertionError">java.lang.AssertionError: No value at JSON path "$.username"
	at com.edu.board.Controller.MyPageControllerTest.myPageTest(MyPageControllerTest.java:45)
Caused by: com.jayway.jsonpath.PathNotFoundException: No results for path: $['username']
</failure>
    <system-out><![CDATA[2024-01-23 21:07:36.700  INFO 6168 --- [           main] .b.t.c.SpringBootTestContextBootstrapper : Neither @ContextConfiguration nor @ContextHierarchy found for test class [com.edu.board.Controller.MyPageControllerTest], using SpringBootContextLoader
2024-01-23 21:07:36.717  INFO 6168 --- [           main] o.s.t.c.support.AbstractContextLoader    : Could not detect default resource locations for test class [com.edu.board.Controller.MyPageControllerTest]: no resource found for suffixes {-context.xml, Context.groovy}.
2024-01-23 21:07:36.717  INFO 6168 --- [           main] t.c.s.AnnotationConfigContextLoaderUtils : Could not detect default configuration classes for test class [com.edu.board.Controller.MyPageControllerTest]: MyPageControllerTest does not declare any static, non-private, non-final, nested classes annotated with @Configuration.
2024-01-23 21:07:36.782  INFO 6168 --- [           main] .b.t.c.SpringBootTestContextBootstrapper : Found @SpringBootConfiguration com.edu.board.BoardApplication for test class com.edu.board.Controller.MyPageControllerTest
2024-01-23 21:07:36.795  INFO 6168 --- [           main] .b.t.c.SpringBootTestContextBootstrapper : Loaded default TestExecutionListener class names from location [META-INF/spring.factories]: [org.springframework.boot.test.mock.mockito.MockitoTestExecutionListener, org.springframework.boot.test.mock.mockito.ResetMocksTestExecutionListener, org.springframework.boot.test.autoconfigure.restdocs.RestDocsTestExecutionListener, org.springframework.boot.test.autoconfigure.web.client.MockRestServiceServerResetTestExecutionListener, org.springframework.boot.test.autoconfigure.web.servlet.MockMvcPrintOnlyOnFailureTestExecutionListener, org.springframework.boot.test.autoconfigure.web.servlet.WebDriverTestExecutionListener, org.springframework.boot.test.autoconfigure.webservices.client.MockWebServiceServerTestExecutionListener, org.springframework.test.context.web.ServletTestExecutionListener, org.springframework.test.context.support.DirtiesContextBeforeModesTestExecutionListener, org.springframework.test.context.event.ApplicationEventsTestExecutionListener, org.springframework.test.context.support.DependencyInjectionTestExecutionListener, org.springframework.test.context.support.DirtiesContextTestExecutionListener, org.springframework.test.context.transaction.TransactionalTestExecutionListener, org.springframework.test.context.jdbc.SqlScriptsTestExecutionListener, org.springframework.test.context.event.EventPublishingTestExecutionListener]
2024-01-23 21:07:36.795  INFO 6168 --- [           main] .b.t.c.SpringBootTestContextBootstrapper : Using TestExecutionListeners: [org.springframework.test.context.web.ServletTestExecutionListener@6705fb02, org.springframework.test.context.support.DirtiesContextBeforeModesTestExecutionListener@e2696e8, org.springframework.test.context.event.ApplicationEventsTestExecutionListener@345d641e, org.springframework.boot.test.mock.mockito.MockitoTestExecutionListener@70cdbd18, org.springframework.boot.test.autoconfigure.SpringBootDependencyInjectionTestExecutionListener@38d895e8, org.springframework.test.context.support.DirtiesContextTestExecutionListener@2f3d5cd, org.springframework.test.context.transaction.TransactionalTestExecutionListener@5dd12c19, org.springframework.test.context.jdbc.SqlScriptsTestExecutionListener@40696fc6, org.springframework.test.context.event.EventPublishingTestExecutionListener@3ce2c5f6, org.springframework.boot.test.mock.mockito.ResetMocksTestExecutionListener@20a3321a, org.springframework.boot.test.autoconfigure.restdocs.RestDocsTestExecutionListener@744673f3, org.springframework.boot.test.autoconfigure.web.client.MockRestServiceServerResetTestExecutionListener@7f5a25e2, org.springframework.boot.test.autoconfigure.web.servlet.MockMvcPrintOnlyOnFailureTestExecutionListener@553d828a, org.springframework.boot.test.autoconfigure.web.servlet.WebDriverTestExecutionListener@6cb759d5, org.springframework.boot.test.autoconfigure.webservices.client.MockWebServiceServerTestExecutionListener@2ba9765b]

  .   ____          _            __ _ _
 /\\ / ___'_ __ _ _(_)_ __  __ _ \ \ \ \
( ( )\___ | '_ | '_| | '_ \/ _` | \ \ \ \
 \\/  ___)| |_)| | | | | || (_| |  ) ) ) )
  '  |____| .__|_| |_|_| |_\__, | / / / /
 =========|_|==============|___/=/_/_/_/
 :: Spring Boot ::               (v2.7.14)

2024-01-23 21:07:36.860  INFO 6168 --- [           main] c.e.b.Controller.MyPageControllerTest    : Starting MyPageControllerTest using Java 11.0.21 on DESKTOP-5BN5S42 with PID 6168 (started by a in C:\Users\zzjjx\USG\2팀_내정보\mypage\backend)
2024-01-23 21:07:36.860  INFO 6168 --- [           main] c.e.b.Controller.MyPageControllerTest    : No active profile set, falling back to 1 default profile: "default"
2024-01-23 21:07:37.332  INFO 6168 --- [           main] .s.d.r.c.RepositoryConfigurationDelegate : Bootstrapping Spring Data JPA repositories in DEFAULT mode.
2024-01-23 21:07:37.373  INFO 6168 --- [           main] .s.d.r.c.RepositoryConfigurationDelegate : Finished Spring Data repository scanning in 45 ms. Found 1 JPA repository interfaces.
2024-01-23 21:07:37.829  INFO 6168 --- [           main] com.zaxxer.hikari.HikariDataSource       : HikariPool-2 - Starting...
2024-01-23 21:07:37.829  INFO 6168 --- [           main] com.zaxxer.hikari.HikariDataSource       : HikariPool-2 - Start completed.
2024-01-23 21:07:37.868  INFO 6168 --- [           main] o.hibernate.jpa.internal.util.LogHelper  : HHH000204: Processing PersistenceUnitInfo [name: default]
2024-01-23 21:07:37.893  INFO 6168 --- [           main] org.hibernate.dialect.Dialect            : HHH000400: Using dialect: org.hibernate.dialect.H2Dialect
2024-01-23 21:07:37.958  INFO 6168 --- [           main] o.h.e.t.j.p.i.JtaPlatformInitiator       : HHH000490: Using JtaPlatform implementation: [org.hibernate.engine.transaction.jta.platform.internal.NoJtaPlatform]
2024-01-23 21:07:37.967  INFO 6168 --- [           main] j.LocalContainerEntityManagerFactoryBean : Initialized JPA EntityManagerFactory for persistence unit 'default'
2024-01-23 21:07:38.374  WARN 6168 --- [           main] JpaBaseConfiguration$JpaWebConfiguration : spring.jpa.open-in-view is enabled by default. Therefore, database queries may be performed during view rendering. Explicitly configure spring.jpa.open-in-view to disable this warning
2024-01-23 21:07:38.535  INFO 6168 --- [           main] o.s.b.a.h2.H2ConsoleAutoConfiguration    : H2 console available at '/h2-console'. Database available at 'jdbc:h2:mem:testdb'
2024-01-23 21:07:40.006  INFO 6168 --- [           main] o.s.b.t.m.w.SpringBootMockServletContext : Initializing Spring TestDispatcherServlet ''
2024-01-23 21:07:40.006  INFO 6168 --- [           main] o.s.t.web.servlet.TestDispatcherServlet  : Initializing Servlet ''
2024-01-23 21:07:40.023  INFO 6168 --- [           main] o.s.t.web.servlet.TestDispatcherServlet  : Completed initialization in 17 ms
2024-01-23 21:07:40.053  INFO 6168 --- [           main] c.e.b.Controller.MyPageControllerTest    : Started MyPageControllerTest in 3.256 seconds (JVM running for 17.804)

MockHttpServletRequest:
      HTTP Method = POST
      Request URI = /users
       Parameters = {}
          Headers = [Content-Type:"application/json;charset=UTF-8", Content-Length:"99"]
             Body = {"userId":"test1","userPassword":"test","userName":"testman","userMoney":10000,"subscribeStatus":0}
    Session Attrs = {}

Handler:
             Type = com.edu.board.controller.UserController
           Method = com.edu.board.controller.UserController#create(User)

Async:
    Async started = false
     Async result = null

Resolved Exception:
             Type = null

ModelAndView:
        View name = null
             View = null
            Model = null

FlashMap:
       Attributes = null

MockHttpServletResponse:
           Status = 200
    Error message = null
          Headers = [Vary:"Origin", "Access-Control-Request-Method", "Access-Control-Request-Headers", Content-Type:"application/json"]
     Content type = application/json
             Body = {"userId":"test1","userPassword":"test","userName":"testman","userMoney":10000,"subscribeStatus":0}
    Forwarded URL = null
   Redirected URL = null
          Cookies = []
]]></system-out>
  </testcase>
</testsuite>